TN:
SF:src/AaveCapoRateProvider.sol
DA:12,201
FN:12,AaveCapoRateProvider.constructor
FNDA:201,AaveCapoRateProvider.constructor
DA:13,201
DA:14,201
DA:17,1114
FN:17,AaveCapoRateProvider.getRate
FNDA:1114,AaveCapoRateProvider.getRate
DA:18,1114
BRDA:18,0,0,3
DA:19,3
DA:22,1111
DA:25,3371
FN:25,AaveCapoRateProvider.convertToAssets
FNDA:3371,AaveCapoRateProvider.convertToAssets
DA:26,3371
BRDA:26,1,0,5
DA:27,5
DA:33,3366
DA:36,4
FN:36,AaveCapoRateProvider.convertToShares
FNDA:4,AaveCapoRateProvider.convertToShares
DA:37,4
BRDA:37,2,0,3
DA:38,3
DA:44,1
DA:47,2
FN:47,AaveCapoRateProvider.getMaxRate
FNDA:2,AaveCapoRateProvider.getMaxRate
DA:49,13
DA:50,13
DA:51,13
DA:53,13
DA:56,2
FN:56,AaveCapoRateProvider.isCapped
FNDA:2,AaveCapoRateProvider.isCapped
DA:57,4491
FNF:6
FNH:6
LF:22
LH:22
BRF:3
BRH:3
end_of_record
TN:
SF:src/BaseLoopedSonicRouter.sol
DA:27,12
FN:27,BaseLoopedSonicRouter.constructor
FNDA:12,BaseLoopedSonicRouter.constructor
DA:28,12
DA:30,12
DA:31,12
DA:37,2
FN:37,BaseLoopedSonicRouter.onlyVault
FNDA:2,BaseLoopedSonicRouter.onlyVault
DA:38,2
BRDA:38,0,0,1
BRDA:38,0,1,3
DA:42,4
FN:42,BaseLoopedSonicRouter.deposit
FNDA:4,BaseLoopedSonicRouter.deposit
DA:43,4
DA:45,3
DA:48,4
FN:48,BaseLoopedSonicRouter.depositCallback
FNDA:4,BaseLoopedSonicRouter.depositCallback
DA:49,3
DA:51,3
DA:53,3
DA:54,9
DA:55,9
DA:59,9
BRDA:59,1,0,1
BRDA:59,1,1,8
DA:61,8
DA:63,8
DA:65,8
BRDA:65,2,0,2
DA:66,2
DA:69,6
DA:70,6
DA:91,1
FN:91,BaseLoopedSonicRouter.withdraw
FNDA:1,BaseLoopedSonicRouter.withdraw
DA:93,1
DA:95,1
DA:97,1
DA:106,1
DA:109,2
FN:109,BaseLoopedSonicRouter.withdrawCallback
FNDA:2,BaseLoopedSonicRouter.withdrawCallback
DA:112,1
DA:114,1
DA:116,1
DA:118,1
BRDA:118,3,0,1
DA:119,1
DA:120,1
DA:123,1
DA:125,1
BRDA:125,4,0,-
BRDA:125,4,1,1
DA:127,1
DA:138,3
FN:138,BaseLoopedSonicRouter.withdrawWithFlashLoan
FNDA:3,BaseLoopedSonicRouter.withdrawWithFlashLoan
DA:142,3
DA:144,2
DA:146,2
DA:156,2
DA:159,4
FN:159,BaseLoopedSonicRouter.executeOperation
FNDA:4,BaseLoopedSonicRouter.executeOperation
DA:166,4
BRDA:166,5,0,1
BRDA:166,5,1,3
DA:167,3
BRDA:167,6,0,1
BRDA:167,6,1,2
DA:169,2
DA:171,2
DA:177,1
DA:179,1
DA:182,3
FN:182,BaseLoopedSonicRouter.withdrawWithFlashLoanCallback
FNDA:3,BaseLoopedSonicRouter.withdrawWithFlashLoanCallback
DA:183,2
BRDA:183,7,0,2
DA:184,2
DA:185,2
DA:188,2
DA:190,2
DA:192,2
DA:194,2
DA:196,2
BRDA:196,8,0,1
BRDA:196,8,1,1
DA:198,1
DA:201,0
FN:201,BaseLoopedSonicRouter.ADDRESSES_PROVIDER
FNDA:0,BaseLoopedSonicRouter.ADDRESSES_PROVIDER
DA:202,0
DA:205,0
FN:205,BaseLoopedSonicRouter.POOL
FNDA:0,BaseLoopedSonicRouter.POOL
DA:206,0
FNF:11
FNH:9
LF:63
LH:59
BRF:15
BRH:14
end_of_record
TN:
SF:src/LoopedSonicVault.sol
DA:98,199
FN:98,LoopedSonicVault.constructor
FNDA:199,LoopedSonicVault.constructor
DA:109,199
BRDA:109,0,0,4
BRDA:109,0,1,195
DA:114,195
BRDA:114,1,0,1
BRDA:114,1,1,194
DA:116,194
DA:118,194
DA:120,193
DA:121,193
DA:122,193
DA:123,193
DA:124,193
DA:125,193
DA:126,193
DA:128,193
DA:130,193
DA:133,193
DA:134,193
DA:137,193
DA:139,193
DA:142,193
DA:144,193
DA:145,193
DA:146,193
DA:148,193
DA:154,1327
FN:154,LoopedSonicVault.whenLocked
FNDA:1327,LoopedSonicVault.whenLocked
DA:155,1327
BRDA:155,2,0,1
BRDA:155,2,1,6
DA:156,1326
BRDA:156,3,0,1
BRDA:156,3,1,5
DA:161,233
FN:161,LoopedSonicVault.whenNotLocked
FNDA:233,LoopedSonicVault.whenNotLocked
DA:162,233
BRDA:162,4,0,-
BRDA:162,4,1,-
DA:166,49
FN:166,LoopedSonicVault.acquireLock
FNDA:49,LoopedSonicVault.acquireLock
DA:167,49
BRDA:167,5,0,3
BRDA:167,5,1,327
DA:169,46
DA:170,46
DA:171,46
DA:176,38
BRDA:176,6,0,1
BRDA:176,6,1,292
DA:177,37
BRDA:177,7,0,1
BRDA:177,7,1,291
DA:181,36
BRDA:181,8,0,-
BRDA:181,8,1,291
DA:183,36
DA:184,36
DA:187,51
FN:187,LoopedSonicVault.whenInitialized
FNDA:51,LoopedSonicVault.whenInitialized
DA:188,51
BRDA:188,9,0,1
BRDA:188,9,1,331
DA:192,50
FN:192,LoopedSonicVault.onlyTrustedRouter
FNDA:50,LoopedSonicVault.onlyTrustedRouter
DA:193,50
BRDA:193,10,0,1
BRDA:193,10,1,330
DA:205,332
FN:205,LoopedSonicVault.deposit
FNDA:332,LoopedSonicVault.deposit
DA:212,327
BRDA:212,11,0,3
BRDA:212,11,1,324
DA:213,324
BRDA:213,12,0,1
BRDA:213,12,1,323
DA:217,323
DA:219,323
DA:222,323
DA:225,323
DA:228,322
DA:230,322
DA:233,322
BRDA:233,13,0,1
BRDA:233,13,1,321
DA:234,321
BRDA:234,14,0,28
BRDA:234,14,1,293
DA:238,293
DA:240,293
DA:242,293
DA:256,51
FN:256,LoopedSonicVault.withdraw
FNDA:51,LoopedSonicVault.withdraw
DA:262,46
BRDA:262,15,0,4
BRDA:262,15,1,42
DA:263,42
BRDA:263,16,0,1
BRDA:263,16,1,41
DA:267,41
DA:269,41
DA:271,41
DA:275,41
DA:278,41
DA:280,40
DA:283,40
BRDA:283,17,0,1
BRDA:283,17,1,39
DA:284,39
BRDA:284,18,0,1
BRDA:284,18,1,38
DA:286,38
DA:299,186
FN:299,LoopedSonicVault.initialize
FNDA:186,LoopedSonicVault.initialize
DA:300,186
BRDA:300,19,0,1
BRDA:300,19,1,185
DA:302,185
DA:304,185
BRDA:304,20,0,-
BRDA:304,20,1,185
DA:307,185
DA:309,182
DA:311,182
DA:313,182
DA:314,182
DA:316,182
DA:319,182
DA:323,182
DA:326,182
DA:329,182
DA:331,182
DA:345,29
FN:345,LoopedSonicVault.unwind
FNDA:29,LoopedSonicVault.unwind
DA:351,24
BRDA:351,21,0,2
BRDA:351,21,1,22
DA:352,22
BRDA:352,22,0,1
BRDA:352,22,1,21
DA:355,21
DA:357,19
DA:361,19
DA:365,19
DA:368,19
DA:369,19
DA:371,19
BRDA:371,23,0,1
BRDA:371,23,1,18
DA:374,18
DA:376,18
DA:378,18
DA:380,17
DA:382,17
DA:399,1142
FN:399,LoopedSonicVault.stakeWeth
FNDA:1142,LoopedSonicVault.stakeWeth
DA:400,1324
BRDA:400,24,0,1
BRDA:400,24,1,1323
DA:402,1323
DA:405,1323
DA:407,1323
DA:409,1323
DA:411,1323
DA:417,1145
FN:417,LoopedSonicVault.aaveSupplyLst
FNDA:1145,LoopedSonicVault.aaveSupplyLst
DA:418,1325
BRDA:418,25,0,1
BRDA:418,25,1,1324
DA:420,1324
DA:422,1323
DA:424,1323
DA:430,48
FN:430,LoopedSonicVault.aaveWithdrawLst
FNDA:48,LoopedSonicVault.aaveWithdrawLst
DA:431,67
BRDA:431,26,0,1
BRDA:431,26,1,66
DA:433,66
DA:435,64
DA:437,64
DA:443,849
FN:443,LoopedSonicVault.aaveBorrowWeth
FNDA:849,LoopedSonicVault.aaveBorrowWeth
DA:444,847
BRDA:444,27,0,1
BRDA:444,27,1,846
DA:446,846
DA:448,846
DA:450,846
DA:456,71
FN:456,LoopedSonicVault.aaveRepayWeth
FNDA:71,LoopedSonicVault.aaveRepayWeth
DA:457,87
DA:459,87
BRDA:459,28,0,1
BRDA:459,28,1,86
DA:461,86
BRDA:461,29,0,1
BRDA:461,29,1,85
DA:463,85
DA:465,84
DA:473,84
DA:479,7
FN:479,LoopedSonicVault.sendWeth
FNDA:7,LoopedSonicVault.sendWeth
DA:480,5
BRDA:480,30,0,1
BRDA:480,30,1,4
DA:481,4
BRDA:481,31,0,1
BRDA:481,31,1,3
DA:483,3
DA:485,2
DA:487,2
DA:493,52
FN:493,LoopedSonicVault.sendLst
FNDA:52,LoopedSonicVault.sendLst
DA:494,69
BRDA:494,32,0,1
BRDA:494,32,1,68
DA:495,68
BRDA:495,33,0,1
BRDA:495,33,1,67
DA:497,67
DA:499,66
DA:501,66
DA:507,370
FN:507,LoopedSonicVault.pullWeth
FNDA:370,LoopedSonicVault.pullWeth
DA:508,571
BRDA:508,34,0,1
BRDA:508,34,1,570
DA:510,570
DA:512,567
DA:514,567
DA:520,7
FN:520,LoopedSonicVault.pullLst
FNDA:7,LoopedSonicVault.pullLst
DA:521,5
BRDA:521,35,0,1
BRDA:521,35,1,4
DA:523,4
DA:525,4
DA:527,4
DA:537,196
FN:537,LoopedSonicVault.getVaultSnapshot
FNDA:196,LoopedSonicVault.getVaultSnapshot
DA:538,2850
DA:539,2850
DA:540,2850
DA:542,2850
DA:543,2850
DA:544,2850
DA:545,2850
DA:547,2850
DA:549,2850
DA:550,2850
DA:553,2850
DA:554,2850
DA:560,112
FN:560,LoopedSonicVault.totalAssets
FNDA:112,LoopedSonicVault.totalAssets
DA:561,230
DA:567,67
FN:567,LoopedSonicVault.convertToAssets
FNDA:67,LoopedSonicVault.convertToAssets
DA:568,64
DA:569,64
DA:571,64
BRDA:571,36,0,1
DA:572,1
DA:575,63
DA:581,60
FN:581,LoopedSonicVault.convertToShares
FNDA:60,LoopedSonicVault.convertToShares
DA:582,57
DA:583,57
DA:585,57
BRDA:585,37,0,1
DA:586,1
DA:589,56
DA:595,68
FN:595,LoopedSonicVault.getRate
FNDA:68,LoopedSonicVault.getRate
DA:596,65
DA:602,107
FN:602,LoopedSonicVault.getCollateralAndDebtForShares
FNDA:107,LoopedSonicVault.getCollateralAndDebtForShares
DA:608,104
DA:610,104
BRDA:610,38,0,1
BRDA:610,38,1,103
DA:611,103
BRDA:611,39,0,1
BRDA:611,39,1,102
DA:613,102
DA:614,102
DA:620,12
FN:620,LoopedSonicVault.getSessionBalances
FNDA:12,LoopedSonicVault.getSessionBalances
DA:621,12
DA:622,12
DA:628,7
FN:628,LoopedSonicVault.getAaveLstCollateralAmount
FNDA:7,LoopedSonicVault.getAaveLstCollateralAmount
DA:629,3372
DA:635,0
FN:635,LoopedSonicVault.getAaveLstCollateralAmountInEth
FNDA:0,LoopedSonicVault.getAaveLstCollateralAmountInEth
DA:636,515
DA:642,33
FN:642,LoopedSonicVault.getAaveWethDebtAmount
FNDA:33,LoopedSonicVault.getAaveWethDebtAmount
DA:643,3571
DA:649,68
FN:649,LoopedSonicVault.getHealthFactor
FNDA:68,LoopedSonicVault.getHealthFactor
DA:650,68
DA:656,1142
FN:656,LoopedSonicVault.getBorrowAmountForLoopInEth
FNDA:1142,LoopedSonicVault.getBorrowAmountForLoopInEth
DA:657,1142
DA:663,0
FN:663,LoopedSonicVault.actualSupply
FNDA:0,LoopedSonicVault.actualSupply
DA:664,0
DA:670,46
FN:670,LoopedSonicVault.getPendingProtocolFeeSharesToBeMinted
FNDA:46,LoopedSonicVault.getPendingProtocolFeeSharesToBeMinted
DA:671,46
DA:677,8
FN:677,LoopedSonicVault.isTrustedRouter
FNDA:8,LoopedSonicVault.isTrustedRouter
DA:678,8
DA:688,7
FN:688,LoopedSonicVault.setTargetHealthFactor
FNDA:7,LoopedSonicVault.setTargetHealthFactor
DA:689,5
BRDA:689,40,0,1
BRDA:689,40,1,4
DA:690,4
DA:692,4
DA:698,5
FN:698,LoopedSonicVault.setAaveCapoRateProvider
FNDA:5,LoopedSonicVault.setAaveCapoRateProvider
DA:699,3
BRDA:699,41,0,1
BRDA:699,41,1,2
DA:701,2
DA:703,2
DA:709,6
FN:709,LoopedSonicVault.pause
FNDA:6,LoopedSonicVault.pause
DA:711,4
DA:712,4
DA:713,4
DA:719,11
FN:719,LoopedSonicVault.setDepositsPaused
FNDA:11,LoopedSonicVault.setDepositsPaused
DA:720,9
DA:726,8
FN:726,LoopedSonicVault.setWithdrawsPaused
FNDA:8,LoopedSonicVault.setWithdrawsPaused
DA:727,6
DA:733,6
FN:733,LoopedSonicVault.setUnwindsPaused
FNDA:6,LoopedSonicVault.setUnwindsPaused
DA:734,4
DA:740,8
FN:740,LoopedSonicVault.setAllowedUnwindSlippagePercent
FNDA:8,LoopedSonicVault.setAllowedUnwindSlippagePercent
DA:744,6
DA:750,45
FN:750,LoopedSonicVault.setProtocolFeePercent
FNDA:45,LoopedSonicVault.setProtocolFeePercent
DA:752,44
DA:754,44
DA:760,4
FN:760,LoopedSonicVault.setTreasuryAddress
FNDA:4,LoopedSonicVault.setTreasuryAddress
DA:761,3
BRDA:761,42,0,1
BRDA:761,42,1,2
DA:763,2
DA:765,2
DA:771,207
FN:771,LoopedSonicVault.addTrustedRouter
FNDA:207,LoopedSonicVault.addTrustedRouter
DA:772,205
BRDA:772,43,0,1
BRDA:772,43,1,204
DA:773,204
BRDA:773,44,0,1
BRDA:773,44,1,203
DA:775,203
DA:777,203
DA:783,8
FN:783,LoopedSonicVault.removeTrustedRouter
FNDA:8,LoopedSonicVault.removeTrustedRouter
DA:784,6
BRDA:784,45,0,1
BRDA:784,45,1,5
DA:785,5
BRDA:785,46,0,1
BRDA:785,46,1,4
DA:787,4
DA:789,4
DA:796,13
FN:796,LoopedSonicVault._setDepositsPaused
FNDA:13,LoopedSonicVault._setDepositsPaused
DA:797,13
BRDA:797,47,0,11
DA:798,11
DA:799,11
DA:803,10
FN:803,LoopedSonicVault._setWithdrawsPaused
FNDA:10,LoopedSonicVault._setWithdrawsPaused
DA:804,10
BRDA:804,48,0,10
DA:805,10
DA:806,10
DA:810,8
FN:810,LoopedSonicVault._setUnwindsPaused
FNDA:8,LoopedSonicVault._setUnwindsPaused
DA:811,8
BRDA:811,49,0,8
DA:812,8
DA:813,8
DA:817,1413
FN:817,LoopedSonicVault._incrementWethSessionBalance
FNDA:1413,LoopedSonicVault._incrementWethSessionBalance
DA:818,1413
DA:821,1391
FN:821,LoopedSonicVault._incrementLstSessionBalance
FNDA:1391,LoopedSonicVault._incrementLstSessionBalance
DA:822,1391
DA:825,1411
FN:825,LoopedSonicVault._decrementWethSessionBalance
FNDA:1411,LoopedSonicVault._decrementWethSessionBalance
DA:826,1411
BRDA:826,50,0,2
BRDA:826,50,1,1409
DA:828,1409
DA:831,1391
FN:831,LoopedSonicVault._decrementLstSessionBalance
FNDA:1391,LoopedSonicVault._decrementLstSessionBalance
DA:832,1391
BRDA:832,51,0,2
BRDA:832,51,1,1389
DA:834,1389
DA:837,3490
FN:837,LoopedSonicVault._pendingProtocolFeeSharesToBeMinted
FNDA:3490,LoopedSonicVault._pendingProtocolFeeSharesToBeMinted
DA:838,3490
BRDA:838,52,0,3052
DA:839,3052
DA:842,438
DA:843,438
DA:846,438
BRDA:846,53,0,321
DA:847,321
DA:849,321
DA:851,321
DA:854,117
DA:857,408
FN:857,LoopedSonicVault._payProtocolFees
FNDA:408,LoopedSonicVault._payProtocolFees
DA:858,408
DA:860,408
BRDA:860,54,0,12
DA:861,12
DA:864,12
DA:868,515
FN:868,LoopedSonicVault._getRate
FNDA:515,LoopedSonicVault._getRate
DA:869,515
DA:871,515
BRDA:871,55,0,1
DA:872,1
DA:875,514
DA:878,3036
FN:878,LoopedSonicVault._actualSupply
FNDA:3036,LoopedSonicVault._actualSupply
DA:879,3036
DA:882,241
FN:882,LoopedSonicVault._stripExcessPrecision
FNDA:241,LoopedSonicVault._stripExcessPrecision
DA:883,241
DA:886,200
FN:886,LoopedSonicVault._setAllowedUnwindSlippagePercent
FNDA:200,LoopedSonicVault._setAllowedUnwindSlippagePercent
DA:887,200
BRDA:887,56,0,2
BRDA:887,56,1,198
DA:888,198
BRDA:888,57,0,1
BRDA:888,57,1,197
DA:893,197
DA:895,197
DA:898,44
FN:898,LoopedSonicVault._setProtocolFeePercent
FNDA:44,LoopedSonicVault._setProtocolFeePercent
DA:899,44
BRDA:899,58,0,1
BRDA:899,58,1,43
DA:900,43
BRDA:900,59,0,1
BRDA:900,59,1,42
DA:902,42
DA:904,42
DA:907,1324
FN:907,LoopedSonicVault.receive
FNDA:1324,LoopedSonicVault.receive
DA:910,1324
BRDA:910,60,0,1
BRDA:910,60,1,1323
FNF:60
FNH:58
LF:298
LH:295
BRF:113
BRH:109
end_of_record
TN:
SF:src/MagpieLoopedSonicRouter.sol
DA:12,0
FN:12,MagpieLoopedSonicRouter.constructor
FNDA:0,MagpieLoopedSonicRouter.constructor
DA:13,0
DA:15,0
DA:18,0
FN:18,MagpieLoopedSonicRouter.convertWethSessionBalanceToLstSessionBalance
FNDA:0,MagpieLoopedSonicRouter.convertWethSessionBalanceToLstSessionBalance
DA:19,0
DA:22,0
FN:22,MagpieLoopedSonicRouter.convertLstToWeth
FNDA:0,MagpieLoopedSonicRouter.convertLstToWeth
DA:23,0
FNF:3
FNH:0
LF:7
LH:0
BRF:0
BRH:0
end_of_record
TN:
SF:src/libraries/VaultSnapshot.sol
DA:25,1681
FN:25,VaultSnapshot.netAssetValueInEth
FNDA:1681,VaultSnapshot.netAssetValueInEth
DA:26,1681
DA:29,252
FN:29,VaultSnapshot.proportionalCollateralInLst
FNDA:252,VaultSnapshot.proportionalCollateralInLst
DA:31,252
DA:32,252
DA:35,252
DA:37,252
BRDA:37,0,0,14
DA:38,14
DA:43,238
DA:46,252
FN:46,VaultSnapshot.proportionalDebtInEth
FNDA:252,VaultSnapshot.proportionalDebtInEth
DA:48,252
DA:49,252
DA:52,252
DA:54,252
BRDA:54,1,0,58
DA:55,58
DA:58,194
BRDA:58,2,0,6
DA:59,6
DA:64,188
DA:67,1182
FN:67,VaultSnapshot.availableBorrowsInEth
FNDA:1182,VaultSnapshot.availableBorrowsInEth
DA:68,1182
BRDA:68,3,0,2
DA:69,2
DA:72,1180
DA:74,1180
BRDA:74,4,0,23
DA:75,23
DA:78,1157
DA:81,2691
FN:81,VaultSnapshot.liquidationThresholdScaled18
FNDA:2691,VaultSnapshot.liquidationThresholdScaled18
DA:82,2691
DA:85,2247
FN:85,VaultSnapshot.healthFactor
FNDA:2247,VaultSnapshot.healthFactor
DA:86,2247
DA:91,1146
FN:91,VaultSnapshot.borrowAmountForLoopInEth
FNDA:1146,VaultSnapshot.borrowAmountForLoopInEth
DA:93,1146
DA:94,1146
DA:96,1146
BRDA:96,5,0,25
DA:97,25
DA:100,1121
BRDA:100,6,0,905
DA:103,905
DA:106,905
BRDA:106,7,0,567
DA:109,567
DA:113,554
FNF:7
FNH:7
LF:39
LH:39
BRF:8
BRH:8
end_of_record
TN:
SF:src/libraries/VaultSnapshotComparison.sol
DA:21,373
FN:21,VaultSnapshotComparison.navIncreaseEth
FNDA:373,VaultSnapshotComparison.navIncreaseEth
DA:22,373
DA:25,63
FN:25,VaultSnapshotComparison.navDecreaseEth
FNDA:63,VaultSnapshotComparison.navDecreaseEth
DA:26,63
DA:29,326
FN:29,VaultSnapshotComparison.checkHealthFactorAfterDeposit
FNDA:326,VaultSnapshotComparison.checkHealthFactorAfterDeposit
DA:30,326
BRDA:30,0,0,12
BRDA:30,0,1,314
DA:33,12
DA:34,11
DA:38,314
DA:39,313
DA:43,68
FN:43,VaultSnapshotComparison.checkDebtAfterWithdraw
FNDA:68,VaultSnapshotComparison.checkDebtAfterWithdraw
DA:44,68
DA:48,68
BRDA:48,1,0,2
DA:49,2
DA:52,66
DA:53,66
DA:56,67
FN:56,VaultSnapshotComparison.checkCollateralAfterWithdraw
FNDA:67,VaultSnapshotComparison.checkCollateralAfterWithdraw
DA:57,67
DA:61,67
BRDA:61,2,0,-
DA:62,0
DA:65,67
FNF:5
FNH:5
LF:21
LH:20
BRF:4
BRH:3
end_of_record
TN:
SF:test/LoopedSonicVaultBase.t.sol
DA:43,188
FN:43,LoopedSonicVaultBase.setUp
FNDA:188,LoopedSonicVaultBase.setUp
DA:44,188
DA:46,188
DA:48,188
DA:59,188
DA:60,188
DA:62,188
DA:63,188
DA:64,188
DA:65,188
DA:68,188
FN:68,LoopedSonicVaultBase._setupRoles
FNDA:188,LoopedSonicVaultBase._setupRoles
DA:69,188
DA:70,188
DA:71,188
DA:72,188
DA:75,188
FN:75,LoopedSonicVaultBase._setupInitialBalances
FNDA:188,LoopedSonicVaultBase._setupInitialBalances
DA:76,188
DA:77,188
DA:78,188
DA:80,188
DA:81,188
DA:83,188
DA:84,188
DA:86,188
DA:87,188
DA:90,188
FN:90,LoopedSonicVaultBase._setupTrustedRouter
FNDA:188,LoopedSonicVaultBase._setupTrustedRouter
DA:91,188
DA:92,188
DA:95,179
FN:95,LoopedSonicVaultBase._initializeVault
FNDA:179,LoopedSonicVaultBase._initializeVault
DA:96,179
DA:97,179
DA:98,179
DA:99,179
DA:102,227
FN:102,LoopedSonicVaultBase._depositToVault
FNDA:227,LoopedSonicVaultBase._depositToVault
DA:108,227
DA:109,227
DA:111,227
DA:113,227
DA:114,227
DA:115,227
DA:117,227
DA:119,227
DA:121,227
BRDA:121,0,0,-
DA:122,0
DA:126,34
FN:126,LoopedSonicVaultBase._withdrawFromVault
FNDA:34,LoopedSonicVaultBase._withdrawFromVault
DA:127,34
DA:129,34
DA:133,34
DA:134,34
DA:136,34
DA:139,36
FN:139,LoopedSonicVaultBase._withdrawCallback
FNDA:36,LoopedSonicVaultBase._withdrawCallback
DA:145,36
BRDA:145,1,0,35
DA:146,35
DA:147,35
DA:149,35
DA:150,35
DA:153,36
DA:154,36
DA:157,36
DA:159,36
DA:160,36
DA:162,36
DA:164,36
BRDA:164,2,0,5
DA:165,5
DA:169,158
FN:169,LoopedSonicVaultBase._setupStandardDeposit
FNDA:158,LoopedSonicVaultBase._setupStandardDeposit
DA:170,158
DA:171,158
DA:174,293
FN:174,LoopedSonicVaultBase._depositCallback
FNDA:293,LoopedSonicVaultBase._depositCallback
DA:175,293
DA:176,293
DA:178,293
DA:180,293
DA:181,1130
DA:183,1130
DA:185,1130
DA:187,1130
DA:189,1130
BRDA:189,3,0,293
DA:190,293
DA:193,837
DA:195,837
DA:198,293
BRDA:198,4,0,23
DA:199,23
DA:203,5
FN:203,LoopedSonicVaultBase._getUninitializedVault
FNDA:5,LoopedSonicVaultBase._getUninitializedVault
DA:204,5
DA:217,2
FN:217,LoopedSonicVaultBase._attemptReentrancy
FNDA:2,LoopedSonicVaultBase._attemptReentrancy
DA:218,3
DA:219,3
DA:221,3
DA:222,3
DA:224,3
DA:225,3
DA:228,2
FN:228,LoopedSonicVaultBase._attemptReadOnlyReentrancy
FNDA:2,LoopedSonicVaultBase._attemptReadOnlyReentrancy
DA:229,3
DA:230,3
DA:232,3
DA:233,3
DA:235,3
DA:236,3
DA:238,3
DA:239,3
DA:241,3
DA:242,3
DA:245,1
FN:245,LoopedSonicVaultBase._donateAaveLstATokensToVault
FNDA:1,LoopedSonicVaultBase._donateAaveLstATokensToVault
DA:246,70
DA:248,70
DA:250,70
DA:251,70
DA:252,70
DA:254,70
DA:257,2
FN:257,LoopedSonicVaultBase._dealWethToAddress
FNDA:2,LoopedSonicVaultBase._dealWethToAddress
DA:258,2
DA:259,2
DA:260,2
DA:263,3
FN:263,LoopedSonicVaultBase._donateToLst
FNDA:3,LoopedSonicVaultBase._donateToLst
DA:264,3
DA:266,3
DA:267,3
DA:270,1
FN:270,LoopedSonicVaultBase._unwindFromVault
FNDA:1,LoopedSonicVaultBase._unwindFromVault
DA:271,1
DA:273,1
DA:276,1
FN:276,LoopedSonicVaultBase._unwindCallback
FNDA:1,LoopedSonicVaultBase._unwindCallback
DA:278,1
DA:281,1
DA:282,1
DA:285,1
DA:287,0
DA:290,0
FN:290,LoopedSonicVaultBase.emptyCallback
FNDA:0,LoopedSonicVaultBase.emptyCallback
FNF:19
FNH:18
LF:127
LH:124
BRF:5
BRH:4
end_of_record
TN:
SF:test/mocks/BalancerLoopedSonicRouter.sol
DA:15,0
FN:15,BalancerLoopedSonicRouter.constructor
FNDA:0,BalancerLoopedSonicRouter.constructor
DA:16,0
DA:18,0
DA:19,0
DA:22,0
FN:22,BalancerLoopedSonicRouter.convertWethSessionBalanceToLstSessionBalance
FNDA:0,BalancerLoopedSonicRouter.convertWethSessionBalanceToLstSessionBalance
DA:23,0
DA:26,0
FN:26,BalancerLoopedSonicRouter.convertLstToWeth
FNDA:0,BalancerLoopedSonicRouter.convertLstToWeth
DA:27,0
FNF:3
FNH:0
LF:8
LH:0
BRF:0
BRH:0
end_of_record
TN:
SF:test/mocks/MockLoopedSonicRouter.sol
DA:13,9
FN:13,MockLoopedSonicRouter.convertWethSessionBalanceToLstSessionBalance
FNDA:9,MockLoopedSonicRouter.convertWethSessionBalanceToLstSessionBalance
DA:14,9
BRDA:14,0,0,1
DA:15,1
DA:18,8
DA:21,3
FN:21,MockLoopedSonicRouter.convertLstToWeth
FNDA:3,MockLoopedSonicRouter.convertLstToWeth
DA:22,3
DA:25,3
DA:27,3
DA:28,3
DA:30,3
DA:33,1
FN:33,MockLoopedSonicRouter.setLstAmountOutOverride
FNDA:1,MockLoopedSonicRouter.setLstAmountOutOverride
DA:34,1
FNF:3
FNH:3
LF:12
LH:12
BRF:1
BRH:1
end_of_record
TN:
SF:test/mocks/MockPriceCapAdapter.sol
DA:22,13
FN:22,MockPriceCapAdapter.constructor
FNDA:13,MockPriceCapAdapter.constructor
DA:23,13
DA:24,13
DA:25,13
DA:26,13
DA:27,13
DA:28,13
DA:31,2
FN:31,MockPriceCapAdapter.getRatio
FNDA:2,MockPriceCapAdapter.getRatio
DA:32,2
DA:35,10
FN:35,MockPriceCapAdapter.getSnapshotRatio
FNDA:10,MockPriceCapAdapter.getSnapshotRatio
DA:36,10
DA:39,10
FN:39,MockPriceCapAdapter.getSnapshotTimestamp
FNDA:10,MockPriceCapAdapter.getSnapshotTimestamp
DA:40,10
DA:43,10
FN:43,MockPriceCapAdapter.getMaxRatioGrowthPerSecond
FNDA:10,MockPriceCapAdapter.getMaxRatioGrowthPerSecond
DA:44,10
DA:47,0
FN:47,MockPriceCapAdapter.getMaxYearlyGrowthRatePercent
FNDA:0,MockPriceCapAdapter.getMaxYearlyGrowthRatePercent
DA:48,0
DA:51,14
FN:51,MockPriceCapAdapter.isCapped
FNDA:14,MockPriceCapAdapter.isCapped
DA:52,14
DA:55,2
FN:55,MockPriceCapAdapter.setRatio
FNDA:2,MockPriceCapAdapter.setRatio
DA:56,2
DA:59,8
FN:59,MockPriceCapAdapter.setSnapshotRatio
FNDA:8,MockPriceCapAdapter.setSnapshotRatio
DA:60,8
DA:63,8
FN:63,MockPriceCapAdapter.setSnapshotTimestamp
FNDA:8,MockPriceCapAdapter.setSnapshotTimestamp
DA:64,8
DA:67,8
FN:67,MockPriceCapAdapter.setMaxRatioGrowthPerSecond
FNDA:8,MockPriceCapAdapter.setMaxRatioGrowthPerSecond
DA:68,8
DA:71,0
FN:71,MockPriceCapAdapter.setMaxYearlyGrowthRatePercent
FNDA:0,MockPriceCapAdapter.setMaxYearlyGrowthRatePercent
DA:72,0
DA:75,12
FN:75,MockPriceCapAdapter.setIsCapped
FNDA:12,MockPriceCapAdapter.setIsCapped
DA:76,12
FNF:13
FNH:11
LF:31
LH:27
BRF:0
BRH:0
end_of_record
